Using pre-set license
Built from '2020.3/staging' branch; Version is '2020.3.17f1 (a4537701e4ab) revision 10769271'; Using compiler version '192528614'; Build Type 'Release'
OS: 'Windows 10 Home; OS build 19042.1165; Version 2009; 64bit' Language: 'ko' Physical Memory: 16260 MB
BatchMode: 1, IsHumanControllingUs: 0, StartBugReporterOnCrash: 0, Is64bit: 1, IsPro: 0

COMMAND LINE ARGUMENTS:
C:\Program Files\Unity\Hub\Editor\2020.3.17f1\Editor\Unity.exe
-adb2
-batchMode
-noUpm
-name
AssetImportWorker0
-projectPath
D:/_GitHub/airMotion_u
-logFile
Logs/AssetImportWorker0.log
-srvPort
11764
Successfully changed project path to: D:/_GitHub/airMotion_u
D:/_GitHub/airMotion_u
Using Asset Import Pipeline V2.
Refreshing native plugins compatible for Editor in 39.22 ms, found 2 plugins.
Preloading 0 native plugins for Editor in 0.00 ms.
Initialize engine version: 2020.3.17f1 (a4537701e4ab)
[Subsystems] Discovering subsystems at path C:/Program Files/Unity/Hub/Editor/2020.3.17f1/Editor/Data/Resources/UnitySubsystems
[Subsystems] Discovering subsystems at path D:/_GitHub/airMotion_u/Assets
GfxDevice: creating device client; threaded=0
Direct3D:
    Version:  Direct3D 11.0 [level 11.1]
    Renderer: NVIDIA GeForce GTX 1060 6GB (ID=0x1c06)
    Vendor:   
    VRAM:     6052 MB
    Driver:   27.21.14.6089
Initialize mono
Mono path[0] = 'C:/Program Files/Unity/Hub/Editor/2020.3.17f1/Editor/Data/Managed'
Mono path[1] = 'C:/Program Files/Unity/Hub/Editor/2020.3.17f1/Editor/Data/MonoBleedingEdge/lib/mono/unityjit'
Mono config path = 'C:/Program Files/Unity/Hub/Editor/2020.3.17f1/Editor/Data/MonoBleedingEdge/etc'
Using monoOptions --debugger-agent=transport=dt_socket,embedding=1,server=y,suspend=n,address=127.0.0.1:56196
Begin MonoManager ReloadAssembly
Registering precompiled unity dll's ...
Register platform support module: C:/Program Files/Unity/Hub/Editor/2020.3.17f1/Editor/Data/PlaybackEngines/WindowsStandaloneSupport/UnityEditor.WindowsStandalone.Extensions.dll
Registered in 0.009436 seconds.
Native extension for WindowsStandalone target not found
Refreshing native plugins compatible for Editor in 31.89 ms, found 2 plugins.
Preloading 0 native plugins for Editor in 0.00 ms.
Mono: successfully reloaded assembly
- Completed reload, in  5.554 seconds
Domain Reload Profiling:
	ReloadAssembly (5554ms)
		BeginReloadAssembly (155ms)
			ExecutionOrderSort (0ms)
			DisableScriptedObjects (0ms)
			BackupInstance (0ms)
			ReleaseScriptingObjects (0ms)
			CreateAndSetChildDomain (1ms)
		EndReloadAssembly (545ms)
			LoadAssemblies (148ms)
			RebuildTransferFunctionScriptingTraits (1ms)
			SetupTypeCache (181ms)
			ReleaseScriptCaches (0ms)
			RebuildScriptCaches (40ms)
			SetupLoadedEditorAssemblies (184ms)
				LogAssemblyErrors (0ms)
				InitializePlatformSupportModulesInManaged (5ms)
				SetLoadedEditorAssemblies (0ms)
				RefreshPlugins (32ms)
				BeforeProcessingInitializeOnLoad (21ms)
				ProcessInitializeOnLoadAttributes (91ms)
				ProcessInitializeOnLoadMethodAttributes (34ms)
				AfterProcessingInitializeOnLoad (0ms)
				EditorAssembliesLoaded (0ms)
			ExecutionOrderSort2 (0ms)
			AwakeInstancesAfterBackupRestoration (0ms)
Platform modules already initialized, skipping
Registering precompiled user dll's ...
Registered in 0.008822 seconds.
Begin MonoManager ReloadAssembly
Native extension for WindowsStandalone target not found
Refreshing native plugins compatible for Editor in 0.42 ms, found 2 plugins.
Preloading 0 native plugins for Editor in 0.00 ms.
Mono: successfully reloaded assembly
- Completed reload, in  1.603 seconds
Domain Reload Profiling:
	ReloadAssembly (1604ms)
		BeginReloadAssembly (269ms)
			ExecutionOrderSort (0ms)
			DisableScriptedObjects (6ms)
			BackupInstance (0ms)
			ReleaseScriptingObjects (0ms)
			CreateAndSetChildDomain (24ms)
		EndReloadAssembly (1209ms)
			LoadAssemblies (196ms)
			RebuildTransferFunctionScriptingTraits (0ms)
			SetupTypeCache (338ms)
			ReleaseScriptCaches (0ms)
			RebuildScriptCaches (54ms)
			SetupLoadedEditorAssemblies (584ms)
				LogAssemblyErrors (0ms)
				InitializePlatformSupportModulesInManaged (30ms)
				SetLoadedEditorAssemblies (1ms)
				RefreshPlugins (1ms)
				BeforeProcessingInitializeOnLoad (117ms)
				ProcessInitializeOnLoadAttributes (401ms)
				ProcessInitializeOnLoadMethodAttributes (5ms)
				AfterProcessingInitializeOnLoad (30ms)
				EditorAssembliesLoaded (0ms)
			ExecutionOrderSort2 (0ms)
			AwakeInstancesAfterBackupRestoration (8ms)
Platform modules already initialized, skipping
========================================================================
Worker process is ready to serve import requests
Launched and connected shader compiler UnityShaderCompiler.exe after 0.11 seconds
Refreshing native plugins compatible for Editor in 0.41 ms, found 2 plugins.
Preloading 0 native plugins for Editor in 0.00 ms.
Unloading 1403 Unused Serialized files (Serialized files now loaded: 0)
System memory in use before: 69.0 MB.
System memory in use after: 69.1 MB.

Unloading 18 unused Assets to reduce memory usage. Loaded Objects now: 1838.
Total: 2.793300 ms (FindLiveObjects: 0.137700 ms CreateObjectMapping: 0.051100 ms MarkObjects: 2.533400 ms  DeleteObjects: 0.070100 ms)

AssetImportParameters requested are different than current active one (requested -> active):
  custom:framework-win-MediaFoundation: 216162199b28c13a410421893ffa2e32 -> 
  custom:video-decoder-ogg-theora: a1e56fd34408186e4bbccfd4996cb3dc -> 
  custom:container-muxer-webm: aa71ff27fc2769a1b78a27578f13a17b -> 
  custom:container-demuxer-webm: 4f35f7cbe854078d1ac9338744f61a02 -> 
  custom:container-demuxer-ogg: 62fdf1f143b41e24485cea50d1cbac27 -> 
  custom:video-encoder-webm-vp8: eb34c28f22e8b96e1ab97ce403110664 -> 
  custom:video-decoder-webm-vp8: 9c59270c3fd7afecdb556c50c9e8de78 -> 
  custom:audio-decoder-ogg-vorbis: bf7c407c2cedff20999df2af8eb42d56 -> 
  custom:audio-encoder-webm-vorbis: bf7c407c2cedff20999df2af8eb42d56 -> 
========================================================================
Received Import Request.
  path: Assets/_airMotion/UIs/assets_U_처음이용고객팝업_2단계_입력전_2021-09-09/사각형 9.png
  artifactKey: Guid(7af79d67461d1f64aa2f9f05f807cf2f) Importer(815301076,1909f56bfc062723c751e8b465ee728b)
Start importing Assets/_airMotion/UIs/assets_U_처음이용고객팝업_2단계_입력전_2021-09-09/사각형 9.png using Guid(7af79d67461d1f64aa2f9f05f807cf2f) Importer(815301076,1909f56bfc062723c751e8b465ee728b)  -> (artifact id: '92361962dccbf1b4b0c786753cee66f1') in 0.156060 seconds 
  Import took 0.158808 seconds .

========================================================================
Received Import Request.
  Time since last request: 0.000327 seconds.
  path: Assets/_airMotion/UIs/assets_U_처음이용고객팝업_2단계_입력전_2021-09-09/락커번호_/ 촬영시간.png
  artifactKey: Guid(b92124a665ecf834b9dd23035df00901) Importer(815301076,1909f56bfc062723c751e8b465ee728b)
Start importing Assets/_airMotion/UIs/assets_U_처음이용고객팝업_2단계_입력전_2021-09-09/락커번호_/ 촬영시간.png using Guid(b92124a665ecf834b9dd23035df00901) Importer(815301076,1909f56bfc062723c751e8b465ee728b)  -> (artifact id: 'f82c1b034fbde6a29bb9d88b88509456') in 0.016593 seconds 
  Import took 0.019532 seconds .

========================================================================
Received Import Request.
  Time since last request: 0.000897 seconds.
  path: Assets/_airMotion/UIs/assets_U_처음이용고객팝업_2단계_입력전_2021-09-09/락커번호_
  artifactKey: Guid(33e5a0f4eeda44145bd123ed1a12fae7) Importer(815301076,1909f56bfc062723c751e8b465ee728b)
Start importing Assets/_airMotion/UIs/assets_U_처음이용고객팝업_2단계_입력전_2021-09-09/락커번호_ using Guid(33e5a0f4eeda44145bd123ed1a12fae7) Importer(815301076,1909f56bfc062723c751e8b465ee728b)  -> (artifact id: '98f3be98911ba06b22239e0c42bf9599') in 0.004727 seconds 
  Import took 0.007736 seconds .

========================================================================
Received Import Request.
  Time since last request: 17.842276 seconds.
  path: Assets/_airMotion/UIs/assets_U_처음이용고객팝업_2단계_입력전_2021-09-09/검색조건.png
  artifactKey: Guid(c40a190b865b1ec468a01dffc296ec1b) Importer(815301076,1909f56bfc062723c751e8b465ee728b)
Start importing Assets/_airMotion/UIs/assets_U_처음이용고객팝업_2단계_입력전_2021-09-09/검색조건.png using Guid(c40a190b865b1ec468a01dffc296ec1b) Importer(815301076,1909f56bfc062723c751e8b465ee728b)  -> (artifact id: 'dc2b7dd0beb7ecd197cd61ad1c4ebe5b') in 0.034933 seconds 
  Import took 0.037986 seconds .

========================================================================
Received Import Request.
  Time since last request: 0.003362 seconds.
  path: Assets/_airMotion/UIs/assets_U_처음이용고객팝업_2단계_입력전_2021-09-09/검색조건.png
  artifactKey: Guid(c40a190b865b1ec468a01dffc296ec1b) Importer(815301076,1909f56bfc062723c751e8b465ee728b)
Start importing Assets/_airMotion/UIs/assets_U_처음이용고객팝업_2단계_입력전_2021-09-09/검색조건.png using Guid(c40a190b865b1ec468a01dffc296ec1b) Importer(815301076,1909f56bfc062723c751e8b465ee728b)  -> (artifact id: 'dc2b7dd0beb7ecd197cd61ad1c4ebe5b') in 0.023054 seconds 
  Import took 0.026686 seconds .

========================================================================
Received Import Request.
  Time since last request: 8.092372 seconds.
  path: Assets/_airMotion/UIs/assets_U_처음이용고객팝업_2단계_입력전_2021-09-09/검색조건.png
  artifactKey: Guid(c40a190b865b1ec468a01dffc296ec1b) Importer(815301076,1909f56bfc062723c751e8b465ee728b)
Start importing Assets/_airMotion/UIs/assets_U_처음이용고객팝업_2단계_입력전_2021-09-09/검색조건.png using Guid(c40a190b865b1ec468a01dffc296ec1b) Importer(815301076,1909f56bfc062723c751e8b465ee728b)  -> (artifact id: 'e969f55c7bef5600df19b1547027c397') in 0.061942 seconds 
  Import took 0.065457 seconds .

========================================================================
Received Import Request.
  Time since last request: 599.900051 seconds.
  path: Assets/_airMotion/UIs/assets_U_처음이용고객팝업_2단계_입력전_2021-09-09/락커번호_/ 촬영시간.png
  artifactKey: Guid(b92124a665ecf834b9dd23035df00901) Importer(815301076,1909f56bfc062723c751e8b465ee728b)
Start importing Assets/_airMotion/UIs/assets_U_처음이용고객팝업_2단계_입력전_2021-09-09/락커번호_/ 촬영시간.png using Guid(b92124a665ecf834b9dd23035df00901) Importer(815301076,1909f56bfc062723c751e8b465ee728b)  -> (artifact id: 'fa5e2c63e8cfab5a38ea1dd1afbeb8ae') in 0.031186 seconds 
  Import took 0.034870 seconds .

========================================================================
Received Import Request.
  Time since last request: 0.000921 seconds.
  path: Assets/_airMotion/UIs/assets_U_처음이용고객팝업_2단계_입력전_2021-09-09/락커번호_/ 촬영시간.png
  artifactKey: Guid(b92124a665ecf834b9dd23035df00901) Importer(815301076,1909f56bfc062723c751e8b465ee728b)
Start importing Assets/_airMotion/UIs/assets_U_처음이용고객팝업_2단계_입력전_2021-09-09/락커번호_/ 촬영시간.png using Guid(b92124a665ecf834b9dd23035df00901) Importer(815301076,1909f56bfc062723c751e8b465ee728b)  -> (artifact id: 'fa5e2c63e8cfab5a38ea1dd1afbeb8ae') in 0.016738 seconds 
  Import took 0.021678 seconds .

========================================================================
Received Import Request.
  Time since last request: 263.911841 seconds.
  path: Assets/_airMotion/UIs/assets_U_처음이용고객팝업_2단계_입력선택창_골프장선택_2021-09-10/GC 안성 Q GC 안성 W GC 순천 GC 선산 무등산 CC.png
  artifactKey: Guid(8a37d7301ddb8794280c21740b2f595d) Importer(815301076,1909f56bfc062723c751e8b465ee728b)
Start importing Assets/_airMotion/UIs/assets_U_처음이용고객팝업_2단계_입력선택창_골프장선택_2021-09-10/GC 안성 Q GC 안성 W GC 순천 GC 선산 무등산 CC.png using Guid(8a37d7301ddb8794280c21740b2f595d) Importer(815301076,1909f56bfc062723c751e8b465ee728b)  -> (artifact id: '3d53f42256cc91f3ae6d165d9973610b') in 0.034971 seconds 
  Import took 0.047929 seconds .

========================================================================
Received Import Request.
  Time since last request: 0.599381 seconds.
  path: Assets/_airMotion/UIs/assets_U_처음이용고객팝업_2단계_입력선택창_골프장선택_2021-09-10/Layer 4.png
  artifactKey: Guid(8fa52ce9a4bf7b3499414a0744f09873) Importer(815301076,1909f56bfc062723c751e8b465ee728b)
Start importing Assets/_airMotion/UIs/assets_U_처음이용고객팝업_2단계_입력선택창_골프장선택_2021-09-10/Layer 4.png using Guid(8fa52ce9a4bf7b3499414a0744f09873) Importer(815301076,1909f56bfc062723c751e8b465ee728b)  -> (artifact id: '884efdc04fb99e57b68c88ec4a44a09b') in 0.075985 seconds 
  Import took 0.079156 seconds .

========================================================================
Received Import Request.
  Time since last request: 0.418661 seconds.
  path: Assets/_airMotion/UIs/assets_U_처음이용고객팝업_2단계_입력선택창_골프장선택_2021-09-10/Rectangle 6.png
  artifactKey: Guid(6a0ecbbbe1d60f241b8a2bcbbd39027f) Importer(815301076,1909f56bfc062723c751e8b465ee728b)
Start importing Assets/_airMotion/UIs/assets_U_처음이용고객팝업_2단계_입력선택창_골프장선택_2021-09-10/Rectangle 6.png using Guid(6a0ecbbbe1d60f241b8a2bcbbd39027f) Importer(815301076,1909f56bfc062723c751e8b465ee728b)  -> (artifact id: 'bfd745eb51285d5c247933540b999f64') in 0.017724 seconds 
  Import took 0.022540 seconds .

========================================================================
Received Import Request.
  Time since last request: 0.469074 seconds.
  path: Assets/_airMotion/UIs/assets_U_처음이용고객팝업_2단계_입력선택창_골프장선택_2021-09-10/선 13.png
  artifactKey: Guid(0c6492d716de8944ca16fd5667da4a4c) Importer(815301076,1909f56bfc062723c751e8b465ee728b)
Start importing Assets/_airMotion/UIs/assets_U_처음이용고객팝업_2단계_입력선택창_골프장선택_2021-09-10/선 13.png using Guid(0c6492d716de8944ca16fd5667da4a4c) Importer(815301076,1909f56bfc062723c751e8b465ee728b)  -> (artifact id: '3815e4fb7fdf8cc4bda94cd4a438d945') in 0.032575 seconds 
  Import took 0.035531 seconds .

========================================================================
Received Import Request.
  Time since last request: 1.754658 seconds.
  path: Assets/_airMotion/UIs/assets_U_처음이용고객팝업_2단계_입력선택창_골프장선택_2021-09-10/스크롤.png
  artifactKey: Guid(4e887d48edfa8c449a98bdde865fedc1) Importer(815301076,1909f56bfc062723c751e8b465ee728b)
Start importing Assets/_airMotion/UIs/assets_U_처음이용고객팝업_2단계_입력선택창_골프장선택_2021-09-10/스크롤.png using Guid(4e887d48edfa8c449a98bdde865fedc1) Importer(815301076,1909f56bfc062723c751e8b465ee728b)  -> (artifact id: 'ab30c647184c725b5480436e2adece09') in 0.015158 seconds 
  Import took 0.019005 seconds .

========================================================================
Received Import Request.
  Time since last request: 0.534198 seconds.
  path: Assets/_airMotion/UIs/assets_U_처음이용고객팝업_2단계_입력선택창_골프장선택_2021-09-10/이미지 9.png
  artifactKey: Guid(31cd05bc82a2353498e96015bb801575) Importer(815301076,1909f56bfc062723c751e8b465ee728b)
Start importing Assets/_airMotion/UIs/assets_U_처음이용고객팝업_2단계_입력선택창_골프장선택_2021-09-10/이미지 9.png using Guid(31cd05bc82a2353498e96015bb801575) Importer(815301076,1909f56bfc062723c751e8b465ee728b)  -> (artifact id: 'c2e8da5f2e11bef40db0359e2689f847') in 0.064640 seconds 
  Import took 0.069523 seconds .

========================================================================
Received Import Request.
  Time since last request: 0.427871 seconds.
  path: Assets/_airMotion/UIs/assets_U_처음이용고객팝업_2단계_입력선택창_골프장선택_2021-09-10/패스 54.png
  artifactKey: Guid(9470114e2d31db44d8580f65b2866f77) Importer(815301076,1909f56bfc062723c751e8b465ee728b)
Start importing Assets/_airMotion/UIs/assets_U_처음이용고객팝업_2단계_입력선택창_골프장선택_2021-09-10/패스 54.png using Guid(9470114e2d31db44d8580f65b2866f77) Importer(815301076,1909f56bfc062723c751e8b465ee728b)  -> (artifact id: 'cad73104b4ff61a9510220539dcd0596') in 0.015126 seconds 
  Import took 0.018424 seconds .

========================================================================
Received Import Request.
  Time since last request: 34.262888 seconds.
  path: Assets/_airMotion/UIs/assets_U_처음이용고객팝업_2021-09-09/이미지 3.png
  artifactKey: Guid(51f13e787c48bea4cb3768ac98c0f032) Importer(815301076,1909f56bfc062723c751e8b465ee728b)
Start importing Assets/_airMotion/UIs/assets_U_처음이용고객팝업_2021-09-09/이미지 3.png using Guid(51f13e787c48bea4cb3768ac98c0f032) Importer(815301076,1909f56bfc062723c751e8b465ee728b)  -> (artifact id: '9c73ce0165791022980ae9963d2f96aa') in 0.061178 seconds 
  Import took 0.064343 seconds .

========================================================================
Received Import Request.
  Time since last request: 1.932508 seconds.
  path: Assets/_airMotion/UIs/assets_U_처음이용고객팝업_2단계_입력전_2021-09-09/사각형 7.png
  artifactKey: Guid(93dc00c092141ee4c8ad51fe20cf99c8) Importer(815301076,1909f56bfc062723c751e8b465ee728b)
Start importing Assets/_airMotion/UIs/assets_U_처음이용고객팝업_2단계_입력전_2021-09-09/사각형 7.png using Guid(93dc00c092141ee4c8ad51fe20cf99c8) Importer(815301076,1909f56bfc062723c751e8b465ee728b)  -> (artifact id: '9a18e0b7f7d5ea7ed1d147e570839708') in 0.051122 seconds 
  Import took 0.054108 seconds .

========================================================================
Received Import Request.
  Time since last request: 1.806007 seconds.
  path: Assets/_airMotion/UIs/assets_U_처음이용고객팝업_2단계_입력선택창_골프장선택_2021-09-10/선 14.png
  artifactKey: Guid(2b7db1446afcc484fa14655659decd19) Importer(815301076,1909f56bfc062723c751e8b465ee728b)
Start importing Assets/_airMotion/UIs/assets_U_처음이용고객팝업_2단계_입력선택창_골프장선택_2021-09-10/선 14.png using Guid(2b7db1446afcc484fa14655659decd19) Importer(815301076,1909f56bfc062723c751e8b465ee728b)  -> (artifact id: '6a2ba756b16f6bcc91ebea328009b38f') in 0.013054 seconds 
  Import took 0.016307 seconds .

========================================================================
Received Import Request.
  Time since last request: 1.491040 seconds.
  path: Assets/_airMotion/UIs/assets_U_처음이용고객팝업_2단계_입력선택창_골프장선택_2021-09-10/확인.png
  artifactKey: Guid(dd3f7266c94abad4a8e7ee22ba3caa3b) Importer(815301076,1909f56bfc062723c751e8b465ee728b)
Start importing Assets/_airMotion/UIs/assets_U_처음이용고객팝업_2단계_입력선택창_골프장선택_2021-09-10/확인.png using Guid(dd3f7266c94abad4a8e7ee22ba3caa3b) Importer(815301076,1909f56bfc062723c751e8b465ee728b)  -> (artifact id: '5b4ce66253a67faf3f7d43b35080a255') in 0.016201 seconds 
  Import took 0.019469 seconds .

========================================================================
Received Import Request.
  Time since last request: 8.499499 seconds.
  path: Assets/_airMotion/UIs/assets_U_처음이용고객팝업_2단계_입력선택창_골프장선택_2021-09-10/Rectangle 6.png
  artifactKey: Guid(6a0ecbbbe1d60f241b8a2bcbbd39027f) Importer(815301076,1909f56bfc062723c751e8b465ee728b)
Start importing Assets/_airMotion/UIs/assets_U_처음이용고객팝업_2단계_입력선택창_골프장선택_2021-09-10/Rectangle 6.png using Guid(6a0ecbbbe1d60f241b8a2bcbbd39027f) Importer(815301076,1909f56bfc062723c751e8b465ee728b)  -> (artifact id: '6b88ceea60f7fb0bd021d64e578ff4c0') in 0.017093 seconds 
  Import took 0.021715 seconds .

========================================================================
Received Prepare
Registering precompiled user dll's ...
Registered in 0.011488 seconds.
Begin MonoManager ReloadAssembly
Native extension for WindowsStandalone target not found
Refreshing native plugins compatible for Editor in 0.37 ms, found 2 plugins.
Preloading 0 native plugins for Editor in 0.00 ms.
Mono: successfully reloaded assembly
- Completed reload, in  1.510 seconds
Domain Reload Profiling:
	ReloadAssembly (1511ms)
		BeginReloadAssembly (214ms)
			ExecutionOrderSort (0ms)
			DisableScriptedObjects (6ms)
			BackupInstance (0ms)
			ReleaseScriptingObjects (0ms)
			CreateAndSetChildDomain (40ms)
		EndReloadAssembly (1195ms)
			LoadAssemblies (176ms)
			RebuildTransferFunctionScriptingTraits (0ms)
			SetupTypeCache (339ms)
			ReleaseScriptCaches (1ms)
			RebuildScriptCaches (50ms)
			SetupLoadedEditorAssemblies (529ms)
				LogAssemblyErrors (0ms)
				InitializePlatformSupportModulesInManaged (8ms)
				SetLoadedEditorAssemblies (0ms)
				RefreshPlugins (0ms)
				BeforeProcessingInitializeOnLoad (110ms)
				ProcessInitializeOnLoadAttributes (377ms)
				ProcessInitializeOnLoadMethodAttributes (5ms)
				AfterProcessingInitializeOnLoad (28ms)
				EditorAssembliesLoaded (0ms)
			ExecutionOrderSort2 (0ms)
			AwakeInstancesAfterBackupRestoration (8ms)
Platform modules already initialized, skipping
Switching build target platform(19) subTarget(0) extendedPlatform(0) -> platform(13) subTarget(537395200) extendedPlatform(0)
Refreshing native plugins compatible for Editor in 0.37 ms, found 2 plugins.
Preloading 0 native plugins for Editor in 0.00 ms.
Unloading 1400 Unused Serialized files (Serialized files now loaded: 0)
System memory in use before: 71.9 MB.
System memory in use after: 72.0 MB.

Unloading 13 unused Assets to reduce memory usage. Loaded Objects now: 1860.
Total: 3.755400 ms (FindLiveObjects: 0.176100 ms CreateObjectMapping: 0.087500 ms MarkObjects: 3.458300 ms  DeleteObjects: 0.032300 ms)

AssetImportParameters requested are different than current active one (requested -> active):
  custom:framework-win-MediaFoundation: 216162199b28c13a410421893ffa2e32 -> 
  custom:video-decoder-ogg-theora: a1e56fd34408186e4bbccfd4996cb3dc -> 
  custom:container-muxer-webm: aa71ff27fc2769a1b78a27578f13a17b -> 
  custom:container-demuxer-webm: 4f35f7cbe854078d1ac9338744f61a02 -> 
  custom:container-demuxer-ogg: 62fdf1f143b41e24485cea50d1cbac27 -> 
  custom:video-encoder-webm-vp8: eb34c28f22e8b96e1ab97ce403110664 -> 
  custom:video-decoder-webm-vp8: 9c59270c3fd7afecdb556c50c9e8de78 -> 
  custom:graphics/normal-map-encoding: 01000000000000000000000000000000 -> 02000000000000000000000000000000
  custom:audio-decoder-ogg-vorbis: bf7c407c2cedff20999df2af8eb42d56 -> 
  custom:audio-encoder-webm-vorbis: bf7c407c2cedff20999df2af8eb42d56 -> 
========================================================================
Received Import Request.
  Time since last request: 1828.405393 seconds.
  path: Assets/_airMotion/UIs/assets_U_처음이용고객팝업_2단계_입력선택창_골프장선택_2021-09-10/검색 조건 선택.png
  artifactKey: Guid(ebd572155b158c24bb80621f2fcef267) Importer(815301076,1909f56bfc062723c751e8b465ee728b)
Start importing Assets/_airMotion/UIs/assets_U_처음이용고객팝업_2단계_입력선택창_골프장선택_2021-09-10/검색 조건 선택.png using Guid(ebd572155b158c24bb80621f2fcef267) Importer(815301076,1909f56bfc062723c751e8b465ee728b)  -> (artifact id: 'a40917523ca5cba823b372edf0fb7571') in 0.046512 seconds 
  Import took 0.049611 seconds .

========================================================================
Received Import Request.
  Time since last request: 0.003538 seconds.
  path: Assets/_airMotion/UIs/assets_U_처음이용고객팝업_2단계_입력선택창_골프장선택_2021-09-10/검색 조건 선택.png
  artifactKey: Guid(ebd572155b158c24bb80621f2fcef267) Importer(815301076,1909f56bfc062723c751e8b465ee728b)
Start importing Assets/_airMotion/UIs/assets_U_처음이용고객팝업_2단계_입력선택창_골프장선택_2021-09-10/검색 조건 선택.png using Guid(ebd572155b158c24bb80621f2fcef267) Importer(815301076,1909f56bfc062723c751e8b465ee728b)  -> (artifact id: 'a40917523ca5cba823b372edf0fb7571') in 0.017559 seconds 
  Import took 0.025177 seconds .

========================================================================
Received Import Request.
  Time since last request: 3.905574 seconds.
  path: Assets/_airMotion/UIs/assets_U_처음이용고객팝업_2단계_입력선택창_골프장선택_2021-09-10/검색 조건 선택.png
  artifactKey: Guid(ebd572155b158c24bb80621f2fcef267) Importer(815301076,1909f56bfc062723c751e8b465ee728b)
Start importing Assets/_airMotion/UIs/assets_U_처음이용고객팝업_2단계_입력선택창_골프장선택_2021-09-10/검색 조건 선택.png using Guid(ebd572155b158c24bb80621f2fcef267) Importer(815301076,1909f56bfc062723c751e8b465ee728b)  -> (artifact id: 'e27f85ec6e47fae005a9a8782bbb1677') in 0.045365 seconds 
  Import took 0.057786 seconds .

========================================================================
Received Import Request.
  Time since last request: 494.280951 seconds.
  path: Assets/_airMotion/UIs/assets_U_처음이용고객팝업_2단계_입력선택창_골프장선택_2021-09-10/이미지 9.png
  artifactKey: Guid(31cd05bc82a2353498e96015bb801575) Importer(815301076,1909f56bfc062723c751e8b465ee728b)
Start importing Assets/_airMotion/UIs/assets_U_처음이용고객팝업_2단계_입력선택창_골프장선택_2021-09-10/이미지 9.png using Guid(31cd05bc82a2353498e96015bb801575) Importer(815301076,1909f56bfc062723c751e8b465ee728b)  -> (artifact id: '05d75429a1c2de08f74adbec8e3f371b') in 0.041102 seconds 
  Import took 0.045689 seconds .

========================================================================
Received Import Request.
  Time since last request: 2.605894 seconds.
  path: Assets/_airMotion/UIs/assets_U_처음이용고객팝업_2단계_입력선택창_촬영일자선택_2021-09-10/그룹 147.png
  artifactKey: Guid(f9e2aec8f261af544869a4d9b2f70a95) Importer(815301076,1909f56bfc062723c751e8b465ee728b)
Start importing Assets/_airMotion/UIs/assets_U_처음이용고객팝업_2단계_입력선택창_촬영일자선택_2021-09-10/그룹 147.png using Guid(f9e2aec8f261af544869a4d9b2f70a95) Importer(815301076,1909f56bfc062723c751e8b465ee728b)  -> (artifact id: '0fe35b37e1d72144a687791c2485b227') in 0.017285 seconds 
  Import took 0.020563 seconds .

========================================================================
Received Import Request.
  Time since last request: 1.603387 seconds.
  path: Assets/_airMotion/UIs/assets_U_처음이용고객팝업_2단계_입력선택창_촬영일자선택_2021-09-10/촬영일자 선택.png
  artifactKey: Guid(0c767f713a3804f428e49c9d802789ae) Importer(815301076,1909f56bfc062723c751e8b465ee728b)
Start importing Assets/_airMotion/UIs/assets_U_처음이용고객팝업_2단계_입력선택창_촬영일자선택_2021-09-10/촬영일자 선택.png using Guid(0c767f713a3804f428e49c9d802789ae) Importer(815301076,1909f56bfc062723c751e8b465ee728b)  -> (artifact id: '61e3c92deb4aab5c0817136605552f71') in 0.015485 seconds 
  Import took 0.018525 seconds .

========================================================================
Received Import Request.
  Time since last request: 7.225444 seconds.
  path: Assets/_airMotion/UIs/assets_U_처음이용고객팝업_2단계_입력선택창_촬영일자선택_2021-09-10/촬영일자 선택.png
  artifactKey: Guid(0c767f713a3804f428e49c9d802789ae) Importer(815301076,1909f56bfc062723c751e8b465ee728b)
Start importing Assets/_airMotion/UIs/assets_U_처음이용고객팝업_2단계_입력선택창_촬영일자선택_2021-09-10/촬영일자 선택.png using Guid(0c767f713a3804f428e49c9d802789ae) Importer(815301076,1909f56bfc062723c751e8b465ee728b)  -> (artifact id: '9c5ceca04ba84fb3ba9fce896481ddf3') in 0.019124 seconds 
  Import took 0.023303 seconds .

========================================================================
Received Import Request.
  Time since last request: 507.595188 seconds.
  path: Assets/_airMotion/UIs/assets_U_처음이용고객팝업_2단계_입력선택창_촬영일자선택_2021-09-10/검색 조건 선택.png
  artifactKey: Guid(21952038da6a6c149a273c8686027d8c) Importer(815301076,1909f56bfc062723c751e8b465ee728b)
Start importing Assets/_airMotion/UIs/assets_U_처음이용고객팝업_2단계_입력선택창_촬영일자선택_2021-09-10/검색 조건 선택.png using Guid(21952038da6a6c149a273c8686027d8c) Importer(815301076,1909f56bfc062723c751e8b465ee728b)  -> (artifact id: '96cb2d3462a157492a79a0f53319605a') in 0.014339 seconds 
  Import took 0.017774 seconds .

========================================================================
Received Import Request.
  Time since last request: 12.818181 seconds.
  path: Assets/_airMotion/UIs/assets_U_처음이용고객팝업_2단계_입력선택창_촬영일자선택_2021-09-10/검색 조건 선택.png
  artifactKey: Guid(21952038da6a6c149a273c8686027d8c) Importer(815301076,1909f56bfc062723c751e8b465ee728b)
Start importing Assets/_airMotion/UIs/assets_U_처음이용고객팝업_2단계_입력선택창_촬영일자선택_2021-09-10/검색 조건 선택.png using Guid(21952038da6a6c149a273c8686027d8c) Importer(815301076,1909f56bfc062723c751e8b465ee728b)  -> (artifact id: 'c4975545dde7249955e83d70947c1aa0') in 0.020362 seconds 
  Import took 0.033554 seconds .

========================================================================
Received Import Request.
  Time since last request: 0.005747 seconds.
  path: Assets/_airMotion/UIs/assets_U_처음이용고객팝업_2단계_입력선택창_촬영일자선택_2021-09-10/검색 조건 선택.png
  artifactKey: Guid(21952038da6a6c149a273c8686027d8c) Importer(815301076,1909f56bfc062723c751e8b465ee728b)
Start importing Assets/_airMotion/UIs/assets_U_처음이용고객팝업_2단계_입력선택창_촬영일자선택_2021-09-10/검색 조건 선택.png using Guid(21952038da6a6c149a273c8686027d8c) Importer(815301076,1909f56bfc062723c751e8b465ee728b)  -> (artifact id: 'c4975545dde7249955e83d70947c1aa0') in 0.018073 seconds 
  Import took 0.021679 seconds .

========================================================================
Received Import Request.
  Time since last request: 46.431361 seconds.
  path: Assets/_airMotion/UIs/assets_U_처음이용고객팝업_2단계_입력선택창_촬영일자선택_2021-09-10/코스와 촬영시간.png
  artifactKey: Guid(101bb0ee751b3bf4d935764ae0e186fd) Importer(815301076,1909f56bfc062723c751e8b465ee728b)
Start importing Assets/_airMotion/UIs/assets_U_처음이용고객팝업_2단계_입력선택창_촬영일자선택_2021-09-10/코스와 촬영시간.png using Guid(101bb0ee751b3bf4d935764ae0e186fd) Importer(815301076,1909f56bfc062723c751e8b465ee728b)  -> (artifact id: '614b29b814afc5a370960e2e69e2c688') in 0.014600 seconds 
  Import took 0.019373 seconds .

========================================================================
Received Import Request.
  Time since last request: 3.529048 seconds.
  path: Assets/_airMotion/UIs/assets_U_처음이용고객팝업_2단계_입력선택창_촬영일자선택_2021-09-10/코스와 촬영시간.png
  artifactKey: Guid(101bb0ee751b3bf4d935764ae0e186fd) Importer(815301076,1909f56bfc062723c751e8b465ee728b)
Start importing Assets/_airMotion/UIs/assets_U_처음이용고객팝업_2단계_입력선택창_촬영일자선택_2021-09-10/코스와 촬영시간.png using Guid(101bb0ee751b3bf4d935764ae0e186fd) Importer(815301076,1909f56bfc062723c751e8b465ee728b)  -> (artifact id: '063d0f3cb8c388ea04056ea6af40dc5c') in 0.024692 seconds 
  Import took 0.027853 seconds .

========================================================================
Received Import Request.
  Time since last request: 0.008582 seconds.
  path: Assets/_airMotion/UIs/assets_U_처음이용고객팝업_2단계_입력선택창_촬영일자선택_2021-09-10/코스와 촬영시간.png
  artifactKey: Guid(101bb0ee751b3bf4d935764ae0e186fd) Importer(815301076,1909f56bfc062723c751e8b465ee728b)
Start importing Assets/_airMotion/UIs/assets_U_처음이용고객팝업_2단계_입력선택창_촬영일자선택_2021-09-10/코스와 촬영시간.png using Guid(101bb0ee751b3bf4d935764ae0e186fd) Importer(815301076,1909f56bfc062723c751e8b465ee728b)  -> (artifact id: '063d0f3cb8c388ea04056ea6af40dc5c') in 0.021594 seconds 
  Import took 0.027627 seconds .

========================================================================
Received Import Request.
  Time since last request: 70.471899 seconds.
  path: Assets/_airMotion/UIs/assets_U_처음이용고객팝업_2단계_입력선택창_촬영일자선택_2021-09-10/코스와 티타임.png
  artifactKey: Guid(a85c3e10134741741bc354222675d1f6) Importer(815301076,1909f56bfc062723c751e8b465ee728b)
Start importing Assets/_airMotion/UIs/assets_U_처음이용고객팝업_2단계_입력선택창_촬영일자선택_2021-09-10/코스와 티타임.png using Guid(a85c3e10134741741bc354222675d1f6) Importer(815301076,1909f56bfc062723c751e8b465ee728b)  -> (artifact id: '3acd1af9af9f7d49a7108f146cb40455') in 0.015160 seconds 
  Import took 0.018586 seconds .

========================================================================
Received Import Request.
  Time since last request: 3.282891 seconds.
  path: Assets/_airMotion/UIs/assets_U_처음이용고객팝업_2단계_입력선택창_촬영일자선택_2021-09-10/코스와 티타임.png
  artifactKey: Guid(a85c3e10134741741bc354222675d1f6) Importer(815301076,1909f56bfc062723c751e8b465ee728b)
Start importing Assets/_airMotion/UIs/assets_U_처음이용고객팝업_2단계_입력선택창_촬영일자선택_2021-09-10/코스와 티타임.png using Guid(a85c3e10134741741bc354222675d1f6) Importer(815301076,1909f56bfc062723c751e8b465ee728b)  -> (artifact id: '30cbdb4f5933d4f6e4e20a1b89348430') in 0.019673 seconds 
  Import took 0.022843 seconds .

========================================================================
Received Import Request.
  Time since last request: 0.013086 seconds.
  path: Assets/_airMotion/UIs/assets_U_처음이용고객팝업_2단계_입력선택창_촬영일자선택_2021-09-10/코스와 티타임.png
  artifactKey: Guid(a85c3e10134741741bc354222675d1f6) Importer(815301076,1909f56bfc062723c751e8b465ee728b)
Start importing Assets/_airMotion/UIs/assets_U_처음이용고객팝업_2단계_입력선택창_촬영일자선택_2021-09-10/코스와 티타임.png using Guid(a85c3e10134741741bc354222675d1f6) Importer(815301076,1909f56bfc062723c751e8b465ee728b)  -> (artifact id: '30cbdb4f5933d4f6e4e20a1b89348430') in 0.020584 seconds 
  Import took 0.024786 seconds .

========================================================================
Received Import Request.
  Time since last request: 160.044563 seconds.
  path: Assets/_airMotion/UIs/assets_U_처음이용고객팝업_2단계_입력선택창_검색조건선택_락커번호_출력번호_2021-09-10/확인.png
  artifactKey: Guid(a4eddd90b12069b4eb6a2a2ded65f6f6) Importer(815301076,1909f56bfc062723c751e8b465ee728b)
Start importing Assets/_airMotion/UIs/assets_U_처음이용고객팝업_2단계_입력선택창_검색조건선택_락커번호_출력번호_2021-09-10/확인.png using Guid(a4eddd90b12069b4eb6a2a2ded65f6f6) Importer(815301076,1909f56bfc062723c751e8b465ee728b)  -> (artifact id: '1f160f1bbe924ebd2792a500c276c335') in 0.029074 seconds 
  Import took 0.032704 seconds .

========================================================================
Received Import Request.
  Time since last request: 0.001235 seconds.
  path: Assets/_airMotion/UIs/assets_U_처음이용고객팝업_2단계_입력선택창_검색조건선택_락커번호_출력번호_2021-09-10/확인.png
  artifactKey: Guid(a4eddd90b12069b4eb6a2a2ded65f6f6) Importer(815301076,1909f56bfc062723c751e8b465ee728b)
Start importing Assets/_airMotion/UIs/assets_U_처음이용고객팝업_2단계_입력선택창_검색조건선택_락커번호_출력번호_2021-09-10/확인.png using Guid(a4eddd90b12069b4eb6a2a2ded65f6f6) Importer(815301076,1909f56bfc062723c751e8b465ee728b)  -> (artifact id: '1f160f1bbe924ebd2792a500c276c335') in 0.013825 seconds 
  Import took 0.017117 seconds .

========================================================================
Received Import Request.
  Time since last request: 2.085040 seconds.
  path: Assets/_airMotion/UIs/assets_U_처음이용고객팝업_2단계_입력선택창_검색조건선택_락커번호_출력번호_2021-09-10/Rectangle 5.png
  artifactKey: Guid(de64626fd20fe2241b86dffb83bb6ba7) Importer(815301076,1909f56bfc062723c751e8b465ee728b)
Start importing Assets/_airMotion/UIs/assets_U_처음이용고객팝업_2단계_입력선택창_검색조건선택_락커번호_출력번호_2021-09-10/Rectangle 5.png using Guid(de64626fd20fe2241b86dffb83bb6ba7) Importer(815301076,1909f56bfc062723c751e8b465ee728b)  -> (artifact id: 'ded323e0fa681454c831c00c3bbb53e8') in 0.028006 seconds 
  Import took 0.031821 seconds .

========================================================================
Received Import Request.
  Time since last request: 5.363696 seconds.
  path: Assets/_airMotion/UIs/assets_U_처음이용고객팝업_2단계_입력선택창_검색조건선택_락커번호_출력번호_2021-09-10/Rectangle 5.png
  artifactKey: Guid(de64626fd20fe2241b86dffb83bb6ba7) Importer(815301076,1909f56bfc062723c751e8b465ee728b)
Start importing Assets/_airMotion/UIs/assets_U_처음이용고객팝업_2단계_입력선택창_검색조건선택_락커번호_출력번호_2021-09-10/Rectangle 5.png using Guid(de64626fd20fe2241b86dffb83bb6ba7) Importer(815301076,1909f56bfc062723c751e8b465ee728b)  -> (artifact id: 'e1d4af92c90f8e3e1932cfd4909f0fad') in 0.024553 seconds 
  Import took 0.027734 seconds .

========================================================================
Received Import Request.
  Time since last request: 676.040060 seconds.
  path: Assets/_airMotion/UIs/assets_U_처음이용고객팝업_2단계_입력선택창_검색조건선택_락커번호_출력번호_2021-09-10/사각형 137.png
  artifactKey: Guid(24a29a75a82503c4b8ad4566b06a11a4) Importer(815301076,1909f56bfc062723c751e8b465ee728b)
Start importing Assets/_airMotion/UIs/assets_U_처음이용고객팝업_2단계_입력선택창_검색조건선택_락커번호_출력번호_2021-09-10/사각형 137.png using Guid(24a29a75a82503c4b8ad4566b06a11a4) Importer(815301076,1909f56bfc062723c751e8b465ee728b)  -> (artifact id: '33f0d6229dfc0e093e042c006d895ce5') in 0.060607 seconds 
  Import took 0.064869 seconds .

========================================================================
Received Import Request.
  Time since last request: 41.888126 seconds.
  path: Assets/_airMotion/UIs/assets_U_처음이용고객팝업_2단계_입력선택창_검색조건선택_락커번호_출력번호_2021-09-10/사각형 138.png
  artifactKey: Guid(ac07cae5047e0994fb7f0128c1b70022) Importer(815301076,1909f56bfc062723c751e8b465ee728b)
Start importing Assets/_airMotion/UIs/assets_U_처음이용고객팝업_2단계_입력선택창_검색조건선택_락커번호_출력번호_2021-09-10/사각형 138.png using Guid(ac07cae5047e0994fb7f0128c1b70022) Importer(815301076,1909f56bfc062723c751e8b465ee728b)  -> (artifact id: 'd7c2bd7a206faf0f1f69af6e0ac5a81a') in 0.033706 seconds 
  Import took 0.037008 seconds .

========================================================================
Received Import Request.
  Time since last request: 0.003051 seconds.
  path: Assets/_airMotion/UIs/assets_U_처음이용고객팝업_2단계_입력선택창_검색조건선택_락커번호_출력번호_2021-09-10/사각형 138.png
  artifactKey: Guid(ac07cae5047e0994fb7f0128c1b70022) Importer(815301076,1909f56bfc062723c751e8b465ee728b)
Start importing Assets/_airMotion/UIs/assets_U_처음이용고객팝업_2단계_입력선택창_검색조건선택_락커번호_출력번호_2021-09-10/사각형 138.png using Guid(ac07cae5047e0994fb7f0128c1b70022) Importer(815301076,1909f56bfc062723c751e8b465ee728b)  -> (artifact id: 'd7c2bd7a206faf0f1f69af6e0ac5a81a') in 0.016455 seconds 
  Import took 0.019607 seconds .

========================================================================
Received Import Request.
  Time since last request: 1.279219 seconds.
  path: Assets/_airMotion/UIs/assets_U_처음이용고객팝업_2단계_입력선택창_검색조건선택_락커번호_출력번호_2021-09-10/사각형 1371.png
  artifactKey: Guid(7a5c7b7d938ac1d4e9b34346defb4abc) Importer(815301076,1909f56bfc062723c751e8b465ee728b)
Start importing Assets/_airMotion/UIs/assets_U_처음이용고객팝업_2단계_입력선택창_검색조건선택_락커번호_출력번호_2021-09-10/사각형 1371.png using Guid(7a5c7b7d938ac1d4e9b34346defb4abc) Importer(815301076,1909f56bfc062723c751e8b465ee728b)  -> (artifact id: '734cb3a199dc9c753eada1307dafe87a') in 0.016013 seconds 
  Import took 0.019016 seconds .

========================================================================
Received Import Request.
  Time since last request: 13.365326 seconds.
  path: Assets/_airMotion/UIs/assets_U_처음이용고객팝업_2단계_입력선택창_검색조건선택_락커번호_출력번호_2021-09-10/사각형 138.png
  artifactKey: Guid(ac07cae5047e0994fb7f0128c1b70022) Importer(815301076,1909f56bfc062723c751e8b465ee728b)
Start importing Assets/_airMotion/UIs/assets_U_처음이용고객팝업_2단계_입력선택창_검색조건선택_락커번호_출력번호_2021-09-10/사각형 138.png using Guid(ac07cae5047e0994fb7f0128c1b70022) Importer(815301076,1909f56bfc062723c751e8b465ee728b)  -> (artifact id: '3d73e134a0ddf07ac51252432ca342c8') in 0.021881 seconds 
  Import took 0.026207 seconds .

========================================================================
Received Import Request.
  Time since last request: 0.011042 seconds.
  path: Assets/_airMotion/UIs/assets_U_처음이용고객팝업_2단계_입력선택창_검색조건선택_락커번호_출력번호_2021-09-10/사각형 138.png
  artifactKey: Guid(ac07cae5047e0994fb7f0128c1b70022) Importer(815301076,1909f56bfc062723c751e8b465ee728b)
Start importing Assets/_airMotion/UIs/assets_U_처음이용고객팝업_2단계_입력선택창_검색조건선택_락커번호_출력번호_2021-09-10/사각형 138.png using Guid(ac07cae5047e0994fb7f0128c1b70022) Importer(815301076,1909f56bfc062723c751e8b465ee728b)  -> (artifact id: '3d73e134a0ddf07ac51252432ca342c8') in 0.019668 seconds 
  Import took 0.023968 seconds .

========================================================================
Received Import Request.
  Time since last request: 255.946913 seconds.
  path: Assets/_airMotion/UIs/assets_U_처음이용고객팝업_2단계_입력선택창_검색조건선택_락커번호_출력번호_2021-09-10/락커번호 1.png
  artifactKey: Guid(61cb479eb7d3e8044b627c439cf48e47) Importer(815301076,1909f56bfc062723c751e8b465ee728b)
Start importing Assets/_airMotion/UIs/assets_U_처음이용고객팝업_2단계_입력선택창_검색조건선택_락커번호_출력번호_2021-09-10/락커번호 1.png using Guid(61cb479eb7d3e8044b627c439cf48e47) Importer(815301076,1909f56bfc062723c751e8b465ee728b)  -> (artifact id: 'fb48308cdd68964d68349226d0d8dd7a') in 0.015872 seconds 
  Import took 0.019361 seconds .

========================================================================
Received Import Request.
  Time since last request: 1.233378 seconds.
  path: Assets/_airMotion/UIs/assets_U_처음이용고객팝업_2단계_입력선택창_검색조건선택_락커번호_출력번호_2021-09-10/출력번호 1.png
  artifactKey: Guid(24b0580a39bc6834a89c67d165e39c96) Importer(815301076,1909f56bfc062723c751e8b465ee728b)
Start importing Assets/_airMotion/UIs/assets_U_처음이용고객팝업_2단계_입력선택창_검색조건선택_락커번호_출력번호_2021-09-10/출력번호 1.png using Guid(24b0580a39bc6834a89c67d165e39c96) Importer(815301076,1909f56bfc062723c751e8b465ee728b)  -> (artifact id: '608a722002106a52d8df187fcc0511e6') in 0.017107 seconds 
  Import took 0.021887 seconds .

========================================================================
Received Import Request.
  Time since last request: 3.487695 seconds.
  path: Assets/_airMotion/UIs/assets_U_처음이용고객팝업_2단계_입력선택창_검색조건선택_락커번호_출력번호_2021-09-10/출력번호 1.png
  artifactKey: Guid(24b0580a39bc6834a89c67d165e39c96) Importer(815301076,1909f56bfc062723c751e8b465ee728b)
Start importing Assets/_airMotion/UIs/assets_U_처음이용고객팝업_2단계_입력선택창_검색조건선택_락커번호_출력번호_2021-09-10/출력번호 1.png using Guid(24b0580a39bc6834a89c67d165e39c96) Importer(815301076,1909f56bfc062723c751e8b465ee728b)  -> (artifact id: 'cb89ffd6b954760423012566844e1b7e') in 0.033511 seconds 
  Import took 0.045090 seconds .

========================================================================
Received Import Request.
  Time since last request: 499.117567 seconds.
  path: Assets/_airMotion/UIs/assets_U_처음이용고객팝업_2단계_입력전_2021-09-09/사각형 18.png
  artifactKey: Guid(a40a8b923dfde5b4583b644040a87f64) Importer(815301076,1909f56bfc062723c751e8b465ee728b)
Start importing Assets/_airMotion/UIs/assets_U_처음이용고객팝업_2단계_입력전_2021-09-09/사각형 18.png using Guid(a40a8b923dfde5b4583b644040a87f64) Importer(815301076,1909f56bfc062723c751e8b465ee728b)  -> (artifact id: '81a432d675f29897f299b6409b12d93e') in 0.023474 seconds 
  Import took 0.026870 seconds .

========================================================================
Received Import Request.
  Time since last request: 298.706112 seconds.
  path: Assets/_airMotion/UIs/assets_U_처음이용고객팝업_2단계_입력전_2021-09-09/사각형 19.png
  artifactKey: Guid(54ae6ccfeb4cb4f45b72fdeb92e18a7e) Importer(815301076,1909f56bfc062723c751e8b465ee728b)
Start importing Assets/_airMotion/UIs/assets_U_처음이용고객팝업_2단계_입력전_2021-09-09/사각형 19.png using Guid(54ae6ccfeb4cb4f45b72fdeb92e18a7e) Importer(815301076,1909f56bfc062723c751e8b465ee728b)  -> (artifact id: '4d198221ab9530621a9215d2a1d256dd') in 0.020818 seconds 
  Import took 0.025552 seconds .

========================================================================
Received Import Request.
  Time since last request: 2.081552 seconds.
  path: Assets/_airMotion/UIs/assets_U_처음이용고객팝업_2단계_입력전_2021-09-09/사각형 20.png
  artifactKey: Guid(ae812f5a1a8d48b43a4c9ad7c5c3c1d9) Importer(815301076,1909f56bfc062723c751e8b465ee728b)
Start importing Assets/_airMotion/UIs/assets_U_처음이용고객팝업_2단계_입력전_2021-09-09/사각형 20.png using Guid(ae812f5a1a8d48b43a4c9ad7c5c3c1d9) Importer(815301076,1909f56bfc062723c751e8b465ee728b)  -> (artifact id: '9c2b095d5a4612e5d903f78c4565528e') in 0.019401 seconds 
  Import took 0.022719 seconds .

========================================================================
Received Import Request.
  Time since last request: 4.669434 seconds.
  path: Assets/_airMotion/UIs/assets_U_처음이용고객팝업_2단계_입력전_2021-09-09/사각형 20.png
  artifactKey: Guid(ae812f5a1a8d48b43a4c9ad7c5c3c1d9) Importer(815301076,1909f56bfc062723c751e8b465ee728b)
Start importing Assets/_airMotion/UIs/assets_U_처음이용고객팝업_2단계_입력전_2021-09-09/사각형 20.png using Guid(ae812f5a1a8d48b43a4c9ad7c5c3c1d9) Importer(815301076,1909f56bfc062723c751e8b465ee728b)  -> (artifact id: '61f6ff928149c10350e259108b9b2207') in 0.025561 seconds 
  Import took 0.028829 seconds .

========================================================================
Received Import Request.
  Time since last request: 467.884611 seconds.
  path: Assets/_airMotion/UIs/assets_U_처음이용고객팝업_2단계_입력전_2021-09-09/1단계 남았습니다 조금만 더 힘내세요!.png
  artifactKey: Guid(82361a42a795d644e865cc577210681f) Importer(815301076,1909f56bfc062723c751e8b465ee728b)
Start importing Assets/_airMotion/UIs/assets_U_처음이용고객팝업_2단계_입력전_2021-09-09/1단계 남았습니다 조금만 더 힘내세요!.png using Guid(82361a42a795d644e865cc577210681f) Importer(815301076,1909f56bfc062723c751e8b465ee728b)  -> (artifact id: 'cc70101bc0ec9fa4bb913bd0883a6738') in 0.016414 seconds 
  Import took 0.020050 seconds .

========================================================================
Received Import Request.
  Time since last request: 3.970049 seconds.
  path: Assets/_airMotion/UIs/assets_U_처음이용고객팝업_2단계_입력전_2021-09-09/1단계 남았습니다 조금만 더 힘내세요!.png
  artifactKey: Guid(82361a42a795d644e865cc577210681f) Importer(815301076,1909f56bfc062723c751e8b465ee728b)
Start importing Assets/_airMotion/UIs/assets_U_처음이용고객팝업_2단계_입력전_2021-09-09/1단계 남았습니다 조금만 더 힘내세요!.png using Guid(82361a42a795d644e865cc577210681f) Importer(815301076,1909f56bfc062723c751e8b465ee728b)  -> (artifact id: '10de2b647aeddc6d43ba019ebd4119cb') in 0.018647 seconds 
  Import took 0.023110 seconds .

========================================================================
Received Import Request.
  Time since last request: 133.057689 seconds.
  path: Assets/_airMotion/UIs/처음이용고객팝업_2단계_입력후/패스 153.png
  artifactKey: Guid(7451472d3a3c04e4d8a92f990b977643) Importer(815301076,1909f56bfc062723c751e8b465ee728b)
Start importing Assets/_airMotion/UIs/처음이용고객팝업_2단계_입력후/패스 153.png using Guid(7451472d3a3c04e4d8a92f990b977643) Importer(815301076,1909f56bfc062723c751e8b465ee728b)  -> (artifact id: '3ed18a45161546353ea32ee0ca5adcd8') in 0.031011 seconds 
  Import took 0.034381 seconds .

========================================================================
Received Import Request.
  Time since last request: 3.814755 seconds.
  path: Assets/_airMotion/UIs/처음이용고객팝업_2단계_입력후/패스 153.png
  artifactKey: Guid(7451472d3a3c04e4d8a92f990b977643) Importer(815301076,1909f56bfc062723c751e8b465ee728b)
Start importing Assets/_airMotion/UIs/처음이용고객팝업_2단계_입력후/패스 153.png using Guid(7451472d3a3c04e4d8a92f990b977643) Importer(815301076,1909f56bfc062723c751e8b465ee728b)  -> (artifact id: 'b0e8dd5ec760f19fe7af5471311e4b42') in 0.018206 seconds 
  Import took 0.021430 seconds .

========================================================================
Received Import Request.
  Time since last request: 324.846635 seconds.
  path: Assets/_airMotion/UIs/처음이용고객팝업_2단계_결과없음/패스 153.png
  artifactKey: Guid(780be8df9df0f61448cd8e1c4ad62016) Importer(815301076,1909f56bfc062723c751e8b465ee728b)
Start importing Assets/_airMotion/UIs/처음이용고객팝업_2단계_결과없음/패스 153.png using Guid(780be8df9df0f61448cd8e1c4ad62016) Importer(815301076,1909f56bfc062723c751e8b465ee728b)  -> (artifact id: '7face6688d784f992c6cfed46a8edead') in 0.014865 seconds 
  Import took 0.018517 seconds .

========================================================================
Received Import Request.
  Time since last request: 5.190922 seconds.
  path: Assets/_airMotion/UIs/처음이용고객팝업_2단계_결과없음/패스 153.png
  artifactKey: Guid(780be8df9df0f61448cd8e1c4ad62016) Importer(815301076,1909f56bfc062723c751e8b465ee728b)
Start importing Assets/_airMotion/UIs/처음이용고객팝업_2단계_결과없음/패스 153.png using Guid(780be8df9df0f61448cd8e1c4ad62016) Importer(815301076,1909f56bfc062723c751e8b465ee728b)  -> (artifact id: '50099c778845d2e9a87685a07be91522') in 0.017161 seconds 
  Import took 0.020122 seconds .

========================================================================
Received Import Request.
  Time since last request: 955.639843 seconds.
  path: Assets/_airMotion/UIs/처음이용고객팝업 _아니오누를경우 팝업/패스 47.png
  artifactKey: Guid(0f0343c355f937b479bff9363d0c39d1) Importer(815301076,1909f56bfc062723c751e8b465ee728b)
Start importing Assets/_airMotion/UIs/처음이용고객팝업 _아니오누를경우 팝업/패스 47.png using Guid(0f0343c355f937b479bff9363d0c39d1) Importer(815301076,1909f56bfc062723c751e8b465ee728b)  -> (artifact id: '6ccbc1be82094fc88312a16e71b36e68') in 0.025780 seconds 
  Import took 0.029315 seconds .

========================================================================
Received Import Request.
  Time since last request: 0.004369 seconds.
  path: Assets/_airMotion/UIs/처음이용고객팝업 _아니오누를경우 팝업/패스 47.png
  artifactKey: Guid(0f0343c355f937b479bff9363d0c39d1) Importer(815301076,1909f56bfc062723c751e8b465ee728b)
Start importing Assets/_airMotion/UIs/처음이용고객팝업 _아니오누를경우 팝업/패스 47.png using Guid(0f0343c355f937b479bff9363d0c39d1) Importer(815301076,1909f56bfc062723c751e8b465ee728b)  -> (artifact id: '6ccbc1be82094fc88312a16e71b36e68') in 0.016390 seconds 
  Import took 0.020645 seconds .

========================================================================
Received Import Request.
  Time since last request: 0.619251 seconds.
  path: Assets/_airMotion/UIs/처음이용고객팝업 _아니오누를경우 팝업/이미지 3.png
  artifactKey: Guid(f5aef2305914065468f7cbed99d27243) Importer(815301076,1909f56bfc062723c751e8b465ee728b)
Start importing Assets/_airMotion/UIs/처음이용고객팝업 _아니오누를경우 팝업/이미지 3.png using Guid(f5aef2305914065468f7cbed99d27243) Importer(815301076,1909f56bfc062723c751e8b465ee728b)  -> (artifact id: '6678076eade6848124c0af807e2beeee') in 0.056122 seconds 
  Import took 0.060157 seconds .

========================================================================
Received Import Request.
  Time since last request: 5.938555 seconds.
  path: Assets/_airMotion/UIs/처음이용고객팝업 _아니오누를경우 팝업/이미지 3.png
  artifactKey: Guid(f5aef2305914065468f7cbed99d27243) Importer(815301076,1909f56bfc062723c751e8b465ee728b)
Start importing Assets/_airMotion/UIs/처음이용고객팝업 _아니오누를경우 팝업/이미지 3.png using Guid(f5aef2305914065468f7cbed99d27243) Importer(815301076,1909f56bfc062723c751e8b465ee728b)  -> (artifact id: '0c74b301b782bb11e958061e072fef02') in 0.067517 seconds 
  Import took 0.070728 seconds .

========================================================================
Received Import Request.
  Time since last request: 364.258013 seconds.
  path: Assets/_airMotion/UIs/처음이용고객팝업_3단계_영상선택/GC순천_/ 다이아몬드 3H_/ 12_45 기준.png
  artifactKey: Guid(3202af171b4376d4abc28224685c9b0d) Importer(815301076,1909f56bfc062723c751e8b465ee728b)
Start importing Assets/_airMotion/UIs/처음이용고객팝업_3단계_영상선택/GC순천_/ 다이아몬드 3H_/ 12_45 기준.png using Guid(3202af171b4376d4abc28224685c9b0d) Importer(815301076,1909f56bfc062723c751e8b465ee728b)  -> (artifact id: 'c4c7fa09a1cd3707b7e238e69498a26e') in 0.028243 seconds 
  Import took 0.034445 seconds .

========================================================================
Received Import Request.
  Time since last request: 0.001011 seconds.
  path: Assets/_airMotion/UIs/처음이용고객팝업_3단계_영상선택/GC순천_/ 다이아몬드 3H_/ 12_45 기준.png
  artifactKey: Guid(3202af171b4376d4abc28224685c9b0d) Importer(815301076,1909f56bfc062723c751e8b465ee728b)
Start importing Assets/_airMotion/UIs/처음이용고객팝업_3단계_영상선택/GC순천_/ 다이아몬드 3H_/ 12_45 기준.png using Guid(3202af171b4376d4abc28224685c9b0d) Importer(815301076,1909f56bfc062723c751e8b465ee728b)  -> (artifact id: 'c4c7fa09a1cd3707b7e238e69498a26e') in 0.014855 seconds 
  Import took 0.018546 seconds .

========================================================================
Received Import Request.
  Time since last request: 16.605398 seconds.
  path: Assets/_airMotion/UIs/처음이용고객팝업_3단계_영상선택/이미지 4.png
  artifactKey: Guid(189574aeb11ad644eb7bd27d75b06022) Importer(815301076,1909f56bfc062723c751e8b465ee728b)
Start importing Assets/_airMotion/UIs/처음이용고객팝업_3단계_영상선택/이미지 4.png using Guid(189574aeb11ad644eb7bd27d75b06022) Importer(815301076,1909f56bfc062723c751e8b465ee728b)  -> (artifact id: '03c759d72e265adab0e5fe615c80209e') in 0.025438 seconds 
  Import took 0.029033 seconds .

========================================================================
Received Import Request.
  Time since last request: 0.002339 seconds.
  path: Assets/_airMotion/UIs/처음이용고객팝업_3단계_영상선택/이미지 4.png
  artifactKey: Guid(189574aeb11ad644eb7bd27d75b06022) Importer(815301076,1909f56bfc062723c751e8b465ee728b)
Start importing Assets/_airMotion/UIs/처음이용고객팝업_3단계_영상선택/이미지 4.png using Guid(189574aeb11ad644eb7bd27d75b06022) Importer(815301076,1909f56bfc062723c751e8b465ee728b)  -> (artifact id: '03c759d72e265adab0e5fe615c80209e') in 0.038309 seconds 
  Import took 0.042529 seconds .

========================================================================
Received Import Request.
  Time since last request: 6.724065 seconds.
  path: Assets/_airMotion/UIs/처음이용고객팝업_3단계_영상선택/이미지 4.png
  artifactKey: Guid(189574aeb11ad644eb7bd27d75b06022) Importer(815301076,1909f56bfc062723c751e8b465ee728b)
Start importing Assets/_airMotion/UIs/처음이용고객팝업_3단계_영상선택/이미지 4.png using Guid(189574aeb11ad644eb7bd27d75b06022) Importer(815301076,1909f56bfc062723c751e8b465ee728b)  -> (artifact id: '880cf841c99e962bc53b4420a14ca626') in 0.025844 seconds 
  Import took 0.029796 seconds .

========================================================================
Received Import Request.
  Time since last request: 217.469574 seconds.
  path: Assets/_airMotion/UIs/처음이용고객팝업_3단계_영상선택/사각형 21.png
  artifactKey: Guid(1d54d33d1158976498121fbaa9b7bfab) Importer(815301076,1909f56bfc062723c751e8b465ee728b)
Start importing Assets/_airMotion/UIs/처음이용고객팝업_3단계_영상선택/사각형 21.png using Guid(1d54d33d1158976498121fbaa9b7bfab) Importer(815301076,1909f56bfc062723c751e8b465ee728b)  -> (artifact id: 'd0c136b713351c7ede04dfa6dc6c1030') in 0.025547 seconds 
  Import took 0.031058 seconds .

========================================================================
Received Import Request.
  Time since last request: 0.662840 seconds.
  path: Assets/_airMotion/UIs/처음이용고객팝업_3단계_영상선택/사각형 22.png
  artifactKey: Guid(cabfa160410d1454d9a7b5b48cacb1b3) Importer(815301076,1909f56bfc062723c751e8b465ee728b)
Start importing Assets/_airMotion/UIs/처음이용고객팝업_3단계_영상선택/사각형 22.png using Guid(cabfa160410d1454d9a7b5b48cacb1b3) Importer(815301076,1909f56bfc062723c751e8b465ee728b)  -> (artifact id: '4383e659890cd23a7bcf73ed9c5750c2') in 0.036382 seconds 
  Import took 0.039780 seconds .

========================================================================
Received Import Request.
  Time since last request: 0.682481 seconds.
  path: Assets/_airMotion/UIs/처음이용고객팝업_3단계_영상선택/심볼 245 – 1.png
  artifactKey: Guid(5689798144d4ded4e99625e7c58d6f36) Importer(815301076,1909f56bfc062723c751e8b465ee728b)
Start importing Assets/_airMotion/UIs/처음이용고객팝업_3단계_영상선택/심볼 245 – 1.png using Guid(5689798144d4ded4e99625e7c58d6f36) Importer(815301076,1909f56bfc062723c751e8b465ee728b)  -> (artifact id: '41e4e344cc82b64267fa93513fe47ce8') in 0.027507 seconds 
  Import took 0.031453 seconds .

========================================================================
Received Import Request.
  Time since last request: 0.003359 seconds.
  path: Assets/_airMotion/UIs/처음이용고객팝업_3단계_영상선택/심볼 245 – 1.png
  artifactKey: Guid(5689798144d4ded4e99625e7c58d6f36) Importer(815301076,1909f56bfc062723c751e8b465ee728b)
Start importing Assets/_airMotion/UIs/처음이용고객팝업_3단계_영상선택/심볼 245 – 1.png using Guid(5689798144d4ded4e99625e7c58d6f36) Importer(815301076,1909f56bfc062723c751e8b465ee728b)  -> (artifact id: '41e4e344cc82b64267fa93513fe47ce8') in 0.019864 seconds 
  Import took 0.024041 seconds .

========================================================================
Received Import Request.
  Time since last request: 0.399732 seconds.
  path: Assets/_airMotion/UIs/처음이용고객팝업_3단계_영상선택/이미지 3.png
  artifactKey: Guid(ceb16b0d1cc51fe48b30b39f85dc41c2) Importer(815301076,1909f56bfc062723c751e8b465ee728b)
Start importing Assets/_airMotion/UIs/처음이용고객팝업_3단계_영상선택/이미지 3.png using Guid(ceb16b0d1cc51fe48b30b39f85dc41c2) Importer(815301076,1909f56bfc062723c751e8b465ee728b)  -> (artifact id: 'afae592c1d0e1eab3517eab08ea74792') in 0.028497 seconds 
  Import took 0.031601 seconds .

========================================================================
Received Import Request.
  Time since last request: 0.003016 seconds.
  path: Assets/_airMotion/UIs/처음이용고객팝업_3단계_영상선택/이미지 3.png
  artifactKey: Guid(ceb16b0d1cc51fe48b30b39f85dc41c2) Importer(815301076,1909f56bfc062723c751e8b465ee728b)
Start importing Assets/_airMotion/UIs/처음이용고객팝업_3단계_영상선택/이미지 3.png using Guid(ceb16b0d1cc51fe48b30b39f85dc41c2) Importer(815301076,1909f56bfc062723c751e8b465ee728b)  -> (artifact id: 'afae592c1d0e1eab3517eab08ea74792') in 0.027815 seconds 
  Import took 0.031186 seconds .

========================================================================
Received Import Request.
  Time since last request: 1.005104 seconds.
  path: Assets/_airMotion/UIs/처음이용고객팝업_3단계_영상선택/이미지 5.png
  artifactKey: Guid(50256aafab0a5bf4ab123c9a4f315cc0) Importer(815301076,1909f56bfc062723c751e8b465ee728b)
Start importing Assets/_airMotion/UIs/처음이용고객팝업_3단계_영상선택/이미지 5.png using Guid(50256aafab0a5bf4ab123c9a4f315cc0) Importer(815301076,1909f56bfc062723c751e8b465ee728b)  -> (artifact id: 'aae1abda7e2a7d92e922c92540765a36') in 0.024786 seconds 
  Import took 0.029918 seconds .

========================================================================
Received Import Request.
  Time since last request: 0.003999 seconds.
  path: Assets/_airMotion/UIs/처음이용고객팝업_3단계_영상선택/이미지 5.png
  artifactKey: Guid(50256aafab0a5bf4ab123c9a4f315cc0) Importer(815301076,1909f56bfc062723c751e8b465ee728b)
Start importing Assets/_airMotion/UIs/처음이용고객팝업_3단계_영상선택/이미지 5.png using Guid(50256aafab0a5bf4ab123c9a4f315cc0) Importer(815301076,1909f56bfc062723c751e8b465ee728b)  -> (artifact id: 'aae1abda7e2a7d92e922c92540765a36') in 0.020948 seconds 
  Import took 0.024334 seconds .

========================================================================
Received Import Request.
  Time since last request: 1.045332 seconds.
  path: Assets/_airMotion/UIs/처음이용고객팝업_3단계_영상선택/이미지 6.png
  artifactKey: Guid(34824237c01debd4b84f57d84cd215ad) Importer(815301076,1909f56bfc062723c751e8b465ee728b)
Start importing Assets/_airMotion/UIs/처음이용고객팝업_3단계_영상선택/이미지 6.png using Guid(34824237c01debd4b84f57d84cd215ad) Importer(815301076,1909f56bfc062723c751e8b465ee728b)  -> (artifact id: '3107022d0e510a324ec84dc7d1344dd3') in 0.025730 seconds 
  Import took 0.028975 seconds .

========================================================================
Received Import Request.
  Time since last request: 0.006334 seconds.
  path: Assets/_airMotion/UIs/처음이용고객팝업_3단계_영상선택/이미지 6.png
  artifactKey: Guid(34824237c01debd4b84f57d84cd215ad) Importer(815301076,1909f56bfc062723c751e8b465ee728b)
Start importing Assets/_airMotion/UIs/처음이용고객팝업_3단계_영상선택/이미지 6.png using Guid(34824237c01debd4b84f57d84cd215ad) Importer(815301076,1909f56bfc062723c751e8b465ee728b)  -> (artifact id: '3107022d0e510a324ec84dc7d1344dd3') in 0.025397 seconds 
  Import took 0.030164 seconds .

========================================================================
Received Import Request.
  Time since last request: 0.291764 seconds.
  path: Assets/_airMotion/UIs/처음이용고객팝업_3단계_영상선택/촬영된 본인의 영상을 선택해 주세요.png
  artifactKey: Guid(f1198136eccad3e459c78a491cc7ab85) Importer(815301076,1909f56bfc062723c751e8b465ee728b)
Start importing Assets/_airMotion/UIs/처음이용고객팝업_3단계_영상선택/촬영된 본인의 영상을 선택해 주세요.png using Guid(f1198136eccad3e459c78a491cc7ab85) Importer(815301076,1909f56bfc062723c751e8b465ee728b)  -> (artifact id: '0643898c9886c8d1fc6b63e5795a0b5c') in 0.023529 seconds 
  Import took 0.027200 seconds .

========================================================================
Received Import Request.
  Time since last request: 0.001697 seconds.
  path: Assets/_airMotion/UIs/처음이용고객팝업_3단계_영상선택/촬영된 본인의 영상을 선택해 주세요.png
  artifactKey: Guid(f1198136eccad3e459c78a491cc7ab85) Importer(815301076,1909f56bfc062723c751e8b465ee728b)
Start importing Assets/_airMotion/UIs/처음이용고객팝업_3단계_영상선택/촬영된 본인의 영상을 선택해 주세요.png using Guid(f1198136eccad3e459c78a491cc7ab85) Importer(815301076,1909f56bfc062723c751e8b465ee728b)  -> (artifact id: '0643898c9886c8d1fc6b63e5795a0b5c') in 0.029157 seconds 
  Import took 0.032334 seconds .

========================================================================
Received Import Request.
  Time since last request: 0.610748 seconds.
  path: Assets/_airMotion/UIs/처음이용고객팝업_3단계_영상선택/패스 36.png
  artifactKey: Guid(00baee41000b8464db7a4f71db7e8784) Importer(815301076,1909f56bfc062723c751e8b465ee728b)
Start importing Assets/_airMotion/UIs/처음이용고객팝업_3단계_영상선택/패스 36.png using Guid(00baee41000b8464db7a4f71db7e8784) Importer(815301076,1909f56bfc062723c751e8b465ee728b)  -> (artifact id: 'c5a03ae88990a37d09acf1149314866e') in 0.028689 seconds 
  Import took 0.032055 seconds .

========================================================================
Received Import Request.
  Time since last request: 0.004531 seconds.
  path: Assets/_airMotion/UIs/처음이용고객팝업_3단계_영상선택/패스 36.png
  artifactKey: Guid(00baee41000b8464db7a4f71db7e8784) Importer(815301076,1909f56bfc062723c751e8b465ee728b)
Start importing Assets/_airMotion/UIs/처음이용고객팝업_3단계_영상선택/패스 36.png using Guid(00baee41000b8464db7a4f71db7e8784) Importer(815301076,1909f56bfc062723c751e8b465ee728b)  -> (artifact id: 'c5a03ae88990a37d09acf1149314866e') in 0.018985 seconds 
  Import took 0.022938 seconds .

========================================================================
Received Import Request.
  Time since last request: 45.827787 seconds.
  path: Assets/_airMotion/UIs/처음이용고객팝업_3단계_영상선택/사각형 7.png
  artifactKey: Guid(5beb5f4e5012e3d49aef09b300c56fc8) Importer(815301076,1909f56bfc062723c751e8b465ee728b)
Start importing Assets/_airMotion/UIs/처음이용고객팝업_3단계_영상선택/사각형 7.png using Guid(5beb5f4e5012e3d49aef09b300c56fc8) Importer(815301076,1909f56bfc062723c751e8b465ee728b)  -> (artifact id: 'c79b22d4814f43496dcf49e0219f9cc2') in 0.420468 seconds 
  Import took 0.423966 seconds .

========================================================================
Received Import Request.
  Time since last request: 933.980514 seconds.
  path: Assets/_airMotion/UIs/처음이용고객팝업_3단계_영상선택 – 1/확인.png
  artifactKey: Guid(e9f8e5a8e53d022438607f479ce89a97) Importer(815301076,1909f56bfc062723c751e8b465ee728b)
Start importing Assets/_airMotion/UIs/처음이용고객팝업_3단계_영상선택 – 1/확인.png using Guid(e9f8e5a8e53d022438607f479ce89a97) Importer(815301076,1909f56bfc062723c751e8b465ee728b)  -> (artifact id: '4fae939aa4ae794cae32faf2702b9bb2') in 0.018358 seconds 
  Import took 0.022899 seconds .

========================================================================
Received Import Request.
  Time since last request: 0.281415 seconds.
  path: Assets/_airMotion/UIs/처음이용고객팝업_3단계_영상선택 – 1/심볼 246 – 1.png
  artifactKey: Guid(e81066eb53a580b42a12d6f96d0facb7) Importer(815301076,1909f56bfc062723c751e8b465ee728b)
Start importing Assets/_airMotion/UIs/처음이용고객팝업_3단계_영상선택 – 1/심볼 246 – 1.png using Guid(e81066eb53a580b42a12d6f96d0facb7) Importer(815301076,1909f56bfc062723c751e8b465ee728b)  -> (artifact id: '5eda55874a005506d039eb7b0b4efb5f') in 0.018389 seconds 
  Import took 0.022614 seconds .

========================================================================
Received Import Request.
  Time since last request: 3.475074 seconds.
  path: Assets/_airMotion/UIs/처음이용고객팝업_3단계_영상선택 – 1/심볼 246 – 1.png
  artifactKey: Guid(e81066eb53a580b42a12d6f96d0facb7) Importer(815301076,1909f56bfc062723c751e8b465ee728b)
Start importing Assets/_airMotion/UIs/처음이용고객팝업_3단계_영상선택 – 1/심볼 246 – 1.png using Guid(e81066eb53a580b42a12d6f96d0facb7) Importer(815301076,1909f56bfc062723c751e8b465ee728b)  -> (artifact id: '6d9c658d5e5f4dc11923cf00b7026538') in 0.024247 seconds 
  Import took 0.027518 seconds .

========================================================================
Received Import Request.
  Time since last request: 618.687387 seconds.
  path: Assets/_airMotion/UIs/신규영상도착팝업/2018.12.14_
  artifactKey: Guid(58d97de7479c56b46acb5332e4580765) Importer(815301076,1909f56bfc062723c751e8b465ee728b)
Start importing Assets/_airMotion/UIs/신규영상도착팝업/2018.12.14_ using Guid(58d97de7479c56b46acb5332e4580765) Importer(815301076,1909f56bfc062723c751e8b465ee728b)  -> (artifact id: '288a477ccf6b6719c6896d71b17d00ae') in 0.007272 seconds 
  Import took 0.011971 seconds .

========================================================================
Received Import Request.
  Time since last request: 1.561308 seconds.
  path: Assets/_airMotion/UIs/신규영상도착팝업/2018.12.14_/ GC 순천
  artifactKey: Guid(d8524f697c8cd754eb4a0ec8b28f14bf) Importer(815301076,1909f56bfc062723c751e8b465ee728b)
Start importing Assets/_airMotion/UIs/신규영상도착팝업/2018.12.14_/ GC 순천 using Guid(d8524f697c8cd754eb4a0ec8b28f14bf) Importer(815301076,1909f56bfc062723c751e8b465ee728b)  -> (artifact id: '860d09419a8c7958a2e891a2dd7b9878') in 0.006474 seconds 
  Import took 0.011770 seconds .

========================================================================
Received Import Request.
  Time since last request: 0.652686 seconds.
  path: Assets/_airMotion/UIs/신규영상도착팝업/2018.12.14_/ GC 순천/ 다이아_
  artifactKey: Guid(908d49ca8cf49854381e0528ecce1d03) Importer(815301076,1909f56bfc062723c751e8b465ee728b)
Start importing Assets/_airMotion/UIs/신규영상도착팝업/2018.12.14_/ GC 순천/ 다이아_ using Guid(908d49ca8cf49854381e0528ecce1d03) Importer(815301076,1909f56bfc062723c751e8b465ee728b)  -> (artifact id: '2c868112ec89f705aa9f3415fafe3f1a') in 0.006668 seconds 
  Import took 0.010420 seconds .

========================================================================
Received Import Request.
  Time since last request: 1.409064 seconds.
  path: Assets/_airMotion/UIs/신규영상도착팝업/2018.12.14_/ GC 순천/ 다이아_/ 3H.png
  artifactKey: Guid(dfe58ab1088d91945b9844c2cdedf06f) Importer(815301076,1909f56bfc062723c751e8b465ee728b)
Start importing Assets/_airMotion/UIs/신규영상도착팝업/2018.12.14_/ GC 순천/ 다이아_/ 3H.png using Guid(dfe58ab1088d91945b9844c2cdedf06f) Importer(815301076,1909f56bfc062723c751e8b465ee728b)  -> (artifact id: 'bf7ca8132180d6852224d22245a6e468') in 0.080214 seconds 
  Import took 0.083229 seconds .

========================================================================
Received Import Request.
  Time since last request: 7.339833 seconds.
  path: Assets/_airMotion/UIs/신규영상도착팝업/신규 영상 도착.png
  artifactKey: Guid(ada2fbcfd6e2cc245a73defd4d7b59c9) Importer(815301076,1909f56bfc062723c751e8b465ee728b)
Start importing Assets/_airMotion/UIs/신규영상도착팝업/신규 영상 도착.png using Guid(ada2fbcfd6e2cc245a73defd4d7b59c9) Importer(815301076,1909f56bfc062723c751e8b465ee728b)  -> (artifact id: 'f85716bee8ccbd2f5ad08a8da5507c7f') in 0.015569 seconds 
  Import took 0.018575 seconds .

========================================================================
Received Import Request.
  Time since last request: 1.036822 seconds.
  path: Assets/_airMotion/UIs/신규영상도착팝업/내 영상만 가져오기.png
  artifactKey: Guid(49f9c9512af64d144a867ace6586c4f1) Importer(815301076,1909f56bfc062723c751e8b465ee728b)
Start importing Assets/_airMotion/UIs/신규영상도착팝업/내 영상만 가져오기.png using Guid(49f9c9512af64d144a867ace6586c4f1) Importer(815301076,1909f56bfc062723c751e8b465ee728b)  -> (artifact id: 'cbb9088bddfedcf78d2d2255fca33ec8') in 0.015536 seconds 
  Import took 0.018800 seconds .

========================================================================
Received Import Request.
  Time since last request: 5.810998 seconds.
  path: Assets/_airMotion/UIs/신규영상도착팝업/내 영상만 가져오기.png
  artifactKey: Guid(49f9c9512af64d144a867ace6586c4f1) Importer(815301076,1909f56bfc062723c751e8b465ee728b)
Start importing Assets/_airMotion/UIs/신규영상도착팝업/내 영상만 가져오기.png using Guid(49f9c9512af64d144a867ace6586c4f1) Importer(815301076,1909f56bfc062723c751e8b465ee728b)  -> (artifact id: 'f5c3000c4b2a72d986e427cd94335193') in 0.024867 seconds 
  Import took 0.028009 seconds .

========================================================================
Received Import Request.
  Time since last request: 7973.330903 seconds.
  path: Assets/_airMotion/UIs/신규영상도착팝업/취소.png
  artifactKey: Guid(05ece6df425b9a849b12767f8917e9e5) Importer(815301076,1909f56bfc062723c751e8b465ee728b)
Start importing Assets/_airMotion/UIs/신규영상도착팝업/취소.png using Guid(05ece6df425b9a849b12767f8917e9e5) Importer(815301076,1909f56bfc062723c751e8b465ee728b)  -> (artifact id: 'ee4616fbfc95504031c7e6ff14ac6eb1') in 0.040963 seconds 
  Import took 0.044859 seconds .

========================================================================
Received Import Request.
  Time since last request: 4.357428 seconds.
  path: Assets/_airMotion/UIs/처음이용고객팝업_입력전/심볼 203 – 1.png
  artifactKey: Guid(5170f4a91b721bb4d8082d40efd7329b) Importer(815301076,1909f56bfc062723c751e8b465ee728b)
Start importing Assets/_airMotion/UIs/처음이용고객팝업_입력전/심볼 203 – 1.png using Guid(5170f4a91b721bb4d8082d40efd7329b) Importer(815301076,1909f56bfc062723c751e8b465ee728b)  -> (artifact id: '76830a6823b7e4e85996e4fe352cf316') in 0.031381 seconds 
  Import took 0.034583 seconds .

========================================================================
Received Import Request.
  Time since last request: 0.293369 seconds.
  path: Assets/_airMotion/UIs/처음이용고객팝업_입력전/심볼 198 – 1.png
  artifactKey: Guid(5d42c1c950738d44cb501658e5971c89) Importer(815301076,1909f56bfc062723c751e8b465ee728b)
Start importing Assets/_airMotion/UIs/처음이용고객팝업_입력전/심볼 198 – 1.png using Guid(5d42c1c950738d44cb501658e5971c89) Importer(815301076,1909f56bfc062723c751e8b465ee728b)  -> (artifact id: '00f79ff57e958383396ed3be0285a17e') in 0.018204 seconds 
  Import took 0.021632 seconds .

========================================================================
Received Import Request.
  Time since last request: 3.440918 seconds.
  path: Assets/_airMotion/UIs/처음이용고객팝업_입력전/심볼 198 – 1.png
  artifactKey: Guid(5d42c1c950738d44cb501658e5971c89) Importer(815301076,1909f56bfc062723c751e8b465ee728b)
Start importing Assets/_airMotion/UIs/처음이용고객팝업_입력전/심볼 198 – 1.png using Guid(5d42c1c950738d44cb501658e5971c89) Importer(815301076,1909f56bfc062723c751e8b465ee728b)  -> (artifact id: 'bf2a8adebde3196a2a2233876568aeb9') in 0.018468 seconds 
  Import took 0.021549 seconds .

========================================================================
Received Import Request.
  Time since last request: 160.666517 seconds.
  path: Assets/_airMotion/UIs/처음이용고객팝업_입력전/심볼 203 – 1.png
  artifactKey: Guid(5170f4a91b721bb4d8082d40efd7329b) Importer(815301076,1909f56bfc062723c751e8b465ee728b)
Start importing Assets/_airMotion/UIs/처음이용고객팝업_입력전/심볼 203 – 1.png using Guid(5170f4a91b721bb4d8082d40efd7329b) Importer(815301076,1909f56bfc062723c751e8b465ee728b)  -> (artifact id: '43a4ba3de4eee4950cf6eab2cb14233c') in 0.022452 seconds 
  Import took 0.026346 seconds .

========================================================================
Received Import Request.
  Time since last request: 0.925595 seconds.
  path: Assets/_airMotion/UIs/처음이용고객팝업_입력전/심볼 202 – 1.png
  artifactKey: Guid(13c6da1111d25894daf02ff8cc8f0d7f) Importer(815301076,1909f56bfc062723c751e8b465ee728b)
Start importing Assets/_airMotion/UIs/처음이용고객팝업_입력전/심볼 202 – 1.png using Guid(13c6da1111d25894daf02ff8cc8f0d7f) Importer(815301076,1909f56bfc062723c751e8b465ee728b)  -> (artifact id: 'ad151f58bbcf055f2239e39c7e65a0ba') in 0.307593 seconds 
  Import took 0.310652 seconds .

========================================================================
Received Import Request.
  Time since last request: 0.209101 seconds.
  path: Assets/_airMotion/UIs/처음이용고객팝업_입력전/심볼 199 – 1.png
  artifactKey: Guid(bb6c0c79fa0cad9489191ceb04b604be) Importer(815301076,1909f56bfc062723c751e8b465ee728b)
Start importing Assets/_airMotion/UIs/처음이용고객팝업_입력전/심볼 199 – 1.png using Guid(bb6c0c79fa0cad9489191ceb04b604be) Importer(815301076,1909f56bfc062723c751e8b465ee728b)  -> (artifact id: 'bd6e48062e7852d1a4348b9af397a787') in 0.020599 seconds 
  Import took 0.023756 seconds .

========================================================================
Received Import Request.
  Time since last request: 1.150641 seconds.
  path: Assets/_airMotion/UIs/처음이용고객팝업_입력전/심볼 195 – 1.png
  artifactKey: Guid(58c5a160a317d264b81e6f2f8cdbacee) Importer(815301076,1909f56bfc062723c751e8b465ee728b)
Start importing Assets/_airMotion/UIs/처음이용고객팝업_입력전/심볼 195 – 1.png using Guid(58c5a160a317d264b81e6f2f8cdbacee) Importer(815301076,1909f56bfc062723c751e8b465ee728b)  -> (artifact id: '4dca73313ab4ab6505e3993b5d18c293') in 0.035535 seconds 
  Import took 0.038956 seconds .

========================================================================
Received Import Request.
  Time since last request: 0.510246 seconds.
  path: Assets/_airMotion/UIs/처음이용고객팝업_입력전/사각형 9.png
  artifactKey: Guid(c19686105cb84d74ba8dd03e7f8e2112) Importer(815301076,1909f56bfc062723c751e8b465ee728b)
Start importing Assets/_airMotion/UIs/처음이용고객팝업_입력전/사각형 9.png using Guid(c19686105cb84d74ba8dd03e7f8e2112) Importer(815301076,1909f56bfc062723c751e8b465ee728b)  -> (artifact id: 'db7bab7d47d9121a3424da61a60937be') in 0.036843 seconds 
  Import took 0.040934 seconds .

AssetImportWorkerClient::OnTransportError - code=2 error=End of file
